<?xml version="1.0" encoding="UTF-8"?>
<!-- Generated by org.testng.reporters.JUnitReportReporter -->
<testsuite hostname="Soundarya" failures="0" tests="1" name="sample.LoginTestcase" time="9.896" errors="0" timestamp="2024-02-03T16:26:42 IST" skipped="0">
  <testcase classname="sample.LoginTestcase" name="login" time="9.896"/>
</testsuite> <!-- sample.LoginTestcase -->
