<?xml version="1.0" encoding="UTF-8"?>
<!-- Generated by org.testng.reporters.JUnitReportReporter -->
<testsuite hostname="Soundarya" failures="0" tests="1" name="usingFindBy.LoginTestCaseFB" time="8.165" errors="0" timestamp="2024-02-03T17:10:12 IST" skipped="0">
  <testcase classname="usingFindBy.LoginTestCaseFB" name="login" time="8.165"/>
</testsuite> <!-- usingFindBy.LoginTestCaseFB -->
