<?xml version="1.0" encoding="UTF-8"?>
<!-- Generated by org.testng.reporters.JUnitReportReporter -->
<testsuite hostname="Soundarya" failures="0" tests="1" name="withoutFindBy.LoginWithoutFindBy" time="16.866" errors="0" timestamp="2024-02-03T17:47:50 IST" skipped="0">
  <testcase classname="withoutFindBy.LoginWithoutFindBy" name="login" time="16.866"/>
</testsuite> <!-- withoutFindBy.LoginWithoutFindBy -->
